\BOOKMARK [0][-]{equation.1}{\376\377\000A\000b\000s\000t\000r\000a\000c\000t\000\040\000\050\000E\000n\000g\000l\000i\000s\000h\000\051\000\040}{}% 1
\BOOKMARK [0][-]{equation.1}{\376\377\000A\000b\000s\000t\000r\000a\000c\000t\000\040\000\050\000K\000o\000r\000e\000a\000n\000\051\000\040}{}% 2
\BOOKMARK [0][-]{equation.1}{\376\377\000L\000i\000s\000t\000\040\000o\000f\000\040\000C\000o\000n\000t\000e\000n\000t\000s}{}% 3
\BOOKMARK [0][-]{chapter.3}{\376\377\000I\000n\000t\000r\000o\000d\000u\000c\000t\000i\000o\000n}{}% 4
\BOOKMARK [1][-]{section.4}{\376\377\000B\000a\000c\000k\000g\000r\000o\000u\000n\000d}{chapter.3}% 5
\BOOKMARK [1][-]{section.7}{\376\377\000S\000i\000m\000p\000l\000e\000\040\000E\000x\000a\000m\000p\000l\000e\000\040\000o\000f\000\040\000N\000e\000u\000r\000o\000-\000A\000d\000a\000p\000t\000i\000v\000e\000\040\000C\000o\000n\000t\000r\000o\000l\000\040\000a\000n\000d\000\040\000R\000e\000s\000e\000a\000r\000c\000h\000\040\000O\000b\000j\000e\000c\000t\000i\000v\000e}{chapter.3}% 6
\BOOKMARK [1][-]{section.15}{\376\377\000O\000u\000t\000l\000i\000n\000e\000\040\000o\000f\000\040\000t\000h\000e\000\040\000T\000h\000e\000s\000i\000s}{chapter.3}% 7
\BOOKMARK [0][-]{chapter.16}{\376\377\000P\000r\000e\000l\000i\000m\000i\000n\000a\000r\000i\000e\000s}{}% 8
\BOOKMARK [1][-]{section.17}{\376\377\000R\000e\000l\000a\000t\000e\000d\000\040\000C\000o\000n\000t\000r\000o\000l\000\040\000T\000h\000e\000o\000r\000y}{chapter.16}% 9
\BOOKMARK [2][-]{subsection.18}{\376\377\000E\000u\000l\000e\000r\040\023\000L\000a\000g\000r\000a\000n\000g\000e\000\040\000S\000y\000s\000t\000e\000m\000s}{section.17}% 10
\BOOKMARK [2][-]{subsection.22}{\376\377\000B\000a\000c\000k\000s\000t\000e\000p\000p\000i\000n\000g\000\040\000C\000o\000n\000t\000r\000o\000l}{section.17}% 11
\BOOKMARK [2][-]{subsection.28}{\376\377\000B\000I\000B\000O\000\040\000S\000t\000a\000b\000i\000l\000i\000t\000y}{section.17}% 12
\BOOKMARK [1][-]{section.30}{\376\377\000M\000a\000t\000h\000e\000m\000a\000t\000i\000c\000a\000l\000\040\000R\000e\000v\000i\000e\000w}{chapter.16}% 13
\BOOKMARK [2][-]{subsection.31}{\376\377\000M\000a\000t\000r\000i\000x\000\040\000A\000l\000g\000e\000b\000r\000a}{section.30}% 14
\BOOKMARK [2][-]{subsection.38}{\376\377\000C\000o\000n\000s\000t\000r\000a\000i\000n\000e\000d\000\040\000O\000p\000t\000i\000m\000i\000z\000a\000t\000i\000o\000n\000\040\000T\000h\000e\000o\000r\000y}{section.30}% 15
\BOOKMARK [2][-]{subsection.45}{\376\377\000P\000r\000e\000s\000e\000r\000v\000a\000t\000i\000o\000n\000\040\000o\000f\000\040\000C\000o\000n\000v\000e\000x\000i\000t\000y}{section.30}% 16
\BOOKMARK [1][-]{section.53}{\376\377\000A\000r\000c\000h\000i\000t\000e\000c\000t\000u\000r\000e\000\040\000o\000f\000\040\000D\000e\000e\000p\000\040\000N\000e\000u\000r\000a\000l\000\040\000N\000e\000t\000w\000o\000r\000k}{chapter.16}% 17
\BOOKMARK [2][-]{subsection.54}{\376\377\000U\000n\000i\000v\000e\000r\000s\000a\000l\000\040\000A\000p\000p\000r\000o\000x\000i\000m\000a\000t\000i\000o\000n\000\040\000P\000r\000o\000p\000e\000r\000t\000y}{section.53}% 18
\BOOKMARK [2][-]{subsection.56}{\376\377\000M\000a\000t\000h\000e\000m\000a\000t\000i\000c\000a\000l\000\040\000E\000x\000p\000r\000e\000s\000s\000i\000o\000n\000\040\000o\000f\000\040\000D\000e\000e\000p\000\040\000N\000e\000u\000r\000a\000l\000\040\000N\000e\000t\000w\000o\000r\000k}{section.53}% 19
\BOOKMARK [2][-]{subsection.61}{\376\377\000G\000r\000a\000d\000i\000e\000n\000t\000\040\000o\000f\000\040\000D\000e\000e\000p\000\040\000N\000e\000u\000r\000a\000l\000\040\000N\000e\000t\000w\000o\000r\000k}{section.53}% 20
\BOOKMARK [0][-]{chapter.64}{\376\377\000\040\000C\000o\000N\000A\000C\000\040\000f\000o\000r\000\040\000U\000n\000c\000e\000r\000t\000a\000i\000n\000\040\000E\000u\000l\000e\000r\040\023\000L\000a\000g\000r\000a\000n\000g\000e\000\040\000S\000y\000s\000t\000e\000m\000s\000\040\000U\000n\000d\000e\000r\000\040\000W\000e\000i\000g\000h\000t\000\040\000C\000o\000n\000s\000t\000r\000a\000i\000n\000t\000s\000\040}{}% 21
\BOOKMARK [1][-]{section.65}{\376\377\000I\000n\000t\000r\000o\000d\000u\000c\000t\000i\000o\000n}{chapter.64}% 22
\BOOKMARK [1][-]{section.66}{\376\377\000E\000x\000i\000t\000i\000n\000g\000\040\000W\000o\000r\000k\000s\000\040\000f\000o\000r\000\040\000B\000o\000u\000n\000d\000e\000d\000n\000e\000s\000s\000\040\000o\000f\000\040\000W\000e\000i\000g\000h\000t\000s}{chapter.64}% 23
\BOOKMARK [2][-]{subsection.67}{\376\377\000P\000r\000o\000j\000e\000c\000t\000i\000o\000n\000\040\000O\000p\000e\000r\000a\000t\000o\000r}{section.66}% 24
\BOOKMARK [2][-]{subsection.69}{\376\377\000\040\000a\000n\000d\000\040\000-\000m\000o\000d\000i\000f\000i\000c\000a\000t\000i\000o\000n\000s}{section.66}% 25
\BOOKMARK [1][-]{section.71}{\376\377\000P\000r\000o\000b\000l\000e\000m\000\040\000F\000o\000r\000m\000u\000l\000a\000t\000i\000o\000n}{chapter.64}% 26
\BOOKMARK [1][-]{section.74}{\376\377\000C\000o\000N\000A\000C\000\040\000w\000i\000t\000h\000\040\000W\000e\000i\000g\000h\000t\000\040\000N\000o\000r\000m\000\040\000C\000o\000n\000s\000t\000r\000a\000i\000n\000t}{chapter.64}% 27
\BOOKMARK [2][-]{subsection.76}{\376\377\000C\000o\000n\000t\000r\000o\000l\000\040\000L\000a\000w\000\040\000D\000e\000v\000e\000l\000o\000p\000m\000e\000n\000t}{section.74}% 28
\BOOKMARK [2][-]{subsection.87}{\376\377\000W\000e\000i\000g\000h\000t\000\040\000A\000d\000a\000p\000t\000a\000t\000i\000o\000n\000\040\000L\000a\000w\000s}{section.74}% 29
\BOOKMARK [1][-]{section.108}{\376\377\000W\000e\000i\000g\000h\000t\000\040\000N\000o\000r\000m\000\040\000C\000o\000n\000s\000t\000r\000a\000i\000n\000t}{chapter.64}% 30
\BOOKMARK [1][-]{section.112}{\376\377\000S\000t\000a\000b\000i\000l\000i\000t\000y\000\040\000A\000n\000a\000l\000y\000s\000i\000s}{chapter.64}% 31
\BOOKMARK [1][-]{section.126}{\376\377\000S\000i\000m\000u\000l\000a\000t\000i\000o\000n\000\040\000V\000a\000l\000i\000d\000a\000t\000i\000o\000n}{chapter.64}% 32
\BOOKMARK [2][-]{subsection.127}{\376\377\000S\000e\000t\000u\000p}{section.126}% 33
\BOOKMARK [2][-]{subsection.133}{\376\377\000R\000e\000s\000u\000l\000t\000s}{section.126}% 34
\BOOKMARK [1][-]{section.147}{\376\377\000C\000o\000n\000c\000l\000u\000s\000i\000o\000n}{chapter.64}% 35
\BOOKMARK [0][-]{chapter.148}{\376\377\000\040\000C\000o\000N\000A\000C\000\040\000f\000o\000r\000\040\000U\000n\000c\000e\000r\000t\000a\000i\000n\000\040\000E\000u\000l\000e\000r\040\023\000L\000a\000g\000r\000a\000n\000g\000e\000\040\000S\000y\000s\000t\000e\000m\000s\000\040\000U\000n\000d\000e\000r\000\040\000W\000e\000i\000g\000h\000t\000\040\000a\000n\000d\000\040\000I\000n\000p\000u\000t\000\040\000C\000o\000n\000s\000t\000r\000a\000i\000n\000t\000s\000\040}{}% 36
\BOOKMARK [1][-]{section.149}{\376\377\000I\000n\000t\000r\000o\000d\000u\000c\000t\000i\000o\000n}{chapter.148}% 37
\BOOKMARK [1][-]{section.150}{\376\377\000E\000x\000i\000s\000t\000i\000n\000g\000\040\000W\000o\000r\000k\000s\000\040\000t\000o\000\040\000P\000r\000e\000v\000e\000n\000t\000\040\000I\000n\000p\000u\000t\000\040\000S\000a\000t\000u\000r\000a\000t\000i\000o\000n}{chapter.148}% 38
\BOOKMARK [1][-]{section.153}{\376\377\000P\000r\000o\000b\000l\000e\000m\000\040\000f\000o\000r\000m\000u\000l\000a\000t\000i\000o\000n}{chapter.148}% 39
\BOOKMARK [1][-]{section.156}{\376\377\000C\000o\000N\000A\000C\000\040\000w\000i\000t\000h\000\040\000W\000e\000i\000g\000h\000t\000\040\000a\000n\000d\000\040\000I\000n\000p\000u\000t\000\040\000C\000o\000n\000s\000t\000r\000a\000i\000n\000t\000s}{chapter.148}% 40
\BOOKMARK [2][-]{subsection.158}{\376\377\000C\000o\000n\000t\000r\000o\000l\000\040\000L\000a\000w\000\040\000D\000e\000v\000e\000l\000o\000p\000m\000e\000n\000t}{section.156}% 41
\BOOKMARK [2][-]{subsection.165}{\376\377\000W\000e\000i\000g\000h\000t\000\040\000A\000d\000a\000p\000t\000a\000t\000i\000o\000n\000\040\000L\000a\000w\000s}{section.156}% 42
\BOOKMARK [1][-]{section.181}{\376\377\000C\000o\000n\000s\000t\000r\000a\000i\000n\000t\000\040\000C\000o\000n\000d\000i\000d\000a\000t\000e\000s}{chapter.148}% 43
\BOOKMARK [2][-]{subsection.184}{\376\377\000W\000e\000i\000g\000h\000t\000\040\000N\000o\000r\000m\000\040\000C\000o\000n\000s\000t\000r\000a\000i\000n\000t}{section.181}% 44
\BOOKMARK [2][-]{subsection.188}{\376\377\000I\000n\000p\000u\000t\000\040\000B\000o\000u\000n\000d\000\040\000C\000o\000n\000s\000t\000r\000a\000i\000n\000t}{section.181}% 45
\BOOKMARK [2][-]{subsection.192}{\376\377\000I\000n\000p\000u\000t\000\040\000N\000o\000r\000m\000\040\000C\000o\000n\000s\000t\000r\000a\000i\000n\000t}{section.181}% 46
\BOOKMARK [1][-]{section.196}{\376\377\000S\000t\000a\000b\000i\000l\000i\000t\000y\000\040\000A\000n\000a\000l\000y\000s\000i\000s}{chapter.148}% 47
\BOOKMARK [1][-]{section.216}{\376\377\000S\000i\000m\000u\000l\000a\000t\000i\000o\000n\000\040\000V\000a\000l\000i\000d\000a\000t\000i\000o\000n}{chapter.148}% 48
\BOOKMARK [2][-]{subsection.217}{\376\377\000S\000e\000t\000u\000p}{section.216}% 49
\BOOKMARK [2][-]{subsection.244}{\376\377\000R\000e\000s\000u\000l\000t\000s}{section.216}% 50
\BOOKMARK [1][-]{section.248}{\376\377\000C\000o\000n\000c\000l\000u\000s\000i\000o\000n}{chapter.148}% 51
\BOOKMARK [0][-]{chapter.249}{\376\377\000C\000o\000n\000c\000l\000u\000s\000i\000o\000n\000\040\000a\000n\000d\000\040\000F\000u\000t\000u\000r\000e\000\040\000W\000o\000r\000k}{}% 52
\BOOKMARK [0][-]{chapter*.250}{\376\377\000S\000u\000m\000m\000a\000r\000y}{}% 53
\BOOKMARK [0][-]{chapter*.251}{\376\377\000R\000e\000f\000e\000r\000e\000n\000c\000e\000s}{}% 54
\BOOKMARK [0][-]{chapter*.252}{\376\377\000A\000c\000k\000n\000o\000w\000l\000e\000d\000g\000e\000m\000e\000n\000t\000s\000\040}{}% 55
